STELLOPT Version  2.75
Invalid line in namelist:   lreset_axis_every_iteration = T
 !!!!! ERROR !!!!!
   STELLOPT ENCOUNTERED AN ERROR READING A NAMELIST
   OPTIMUM in: input.test
   IERR:              5010
Invalid line in namelist:   lreset_axis_every_iteration = T
 !!!!! ERROR !!!!!
   STELLOPT ENCOUNTERED AN ERROR READING A NAMELIST
   OPTIMUM in: input.test
   IERR:              5010
Invalid line in namelist:   lreset_axis_every_iteration = T
 !!!!! ERROR !!!!!
   STELLOPT ENCOUNTERED AN ERROR READING A NAMELIST
   OPTIMUM in: input.test
   IERR:              5010
Invalid line in namelist:   lreset_axis_every_iteration = T
 !!!!! ERROR !!!!!
   STELLOPT ENCOUNTERED AN ERROR READING A NAMELIST
   OPTIMUM in: input.test
   IERR:              5010
Invalid line in namelist:   lreset_axis_every_iteration = T
 !!!!! ERROR !!!!!
   STELLOPT ENCOUNTERED AN ERROR READING A NAMELIST
   OPTIMUM in: input.test
   IERR:              5010
Invalid line in namelist:   lreset_axis_every_iteration = T
 !!!!! ERROR !!!!!
   STELLOPT ENCOUNTERED AN ERROR READING A NAMELIST
   OPTIMUM in: input.test
   IERR:              5010
Invalid line in namelist:   lreset_axis_every_iteration = T
 !!!!! ERROR !!!!!
   STELLOPT ENCOUNTERED AN ERROR READING A NAMELIST
   OPTIMUM in: input.test
   IERR:              5010
Invalid line in namelist:   lreset_axis_every_iteration = T
 !!!!! ERROR !!!!!
   STELLOPT ENCOUNTERED AN ERROR READING A NAMELIST
   OPTIMUM in: input.test
   IERR:              5010
Invalid line in namelist:   lreset_axis_every_iteration = T
 !!!!! ERROR !!!!!
   STELLOPT ENCOUNTERED AN ERROR READING A NAMELIST
   OPTIMUM in: input.test
   IERR:              5010
Invalid line in namelist:   lreset_axis_every_iteration = T
 !!!!! ERROR !!!!!
   STELLOPT ENCOUNTERED AN ERROR READING A NAMELIST
   OPTIMUM in: input.test
   IERR:              5010
