STELLOPT Version  2.75
  Equilibrium calculation provided by: 
  =================================================================================
  =========   Parallel Variational Moments Equilibrium Code (v 9.0)       =========
  =========                (S. Hirshman, J. Whitson)                      =========
  =========         http://vmecwiki.pppl.wikispaces.net/VMEC              =========
  =================================================================================
     
 -----  MPI Params.   -----
    MPI Version:  3.01
    Optimizers requested:           -1
    Number of Processors:           10
    Shared memory groups:            1
    Processors per group:           10
   Workers per optimizer:            1
     Optimizers provided:           10
 -----  Optimization  -----
    =======VARS=======
     RBC( 001, 001):  Radial Boundary Specification (COS)
     ZBS( 001, 001):  Vertical Boundary Specification (SIN)
    ======TARGETS=====
     Plasma Volume
     Rotational Transform
    ==================
    Number of Parameters:            2
    Number of Targets:               2
    !!!! EQUILIBRIUM RESTARTING NOT UTILIZED !!!!
 ---------------------------  EQUILIBRIUM CALCULATION  ------------------------

  NS =   13 NO. FOURIER MODES =   41 FTOLV =  1.000E-16 NITER =    600
  PROCESSOR COUNT - RADIAL:    1

  ITER    FSQR      FSQZ      FSQL    RAX(v=0)    DELT       WMHD

    1  2.74E-03  3.72E-04  4.91E-03  1.000E+00  5.00E-01  3.6166E+01
  200  1.49E-08  4.93E-09  6.96E-09  9.969E-01  5.00E-01  3.6047E+01
  400  1.05E-10  3.21E-11  1.63E-11  9.973E-01  5.00E-01  3.6047E+01
  600  1.55E-12  7.29E-13  6.54E-13  9.974E-01  5.00E-01  3.6047E+01

  NS =   25 NO. FOURIER MODES =   41 FTOLV =  1.000E-12 NITER =   4000
  PROCESSOR COUNT - RADIAL:    1

  ITER    FSQR      FSQZ      FSQL    RAX(v=0)    DELT       WMHD

    1  4.45E-04  2.70E-04  3.46E-07  9.974E-01  5.00E-01  3.6046E+01
  200  2.99E-09  2.92E-09  6.52E-12  9.973E-01  5.00E-01  3.6046E+01
  400  7.98E-11  7.69E-11  4.40E-13  9.972E-01  5.00E-01  3.6046E+01
  600  2.86E-12  2.75E-12  3.86E-14  9.971E-01  5.00E-01  3.6046E+01
  665  9.01E-13  8.27E-13  1.94E-14  9.971E-01  5.00E-01  3.6046E+01

 EXECUTION TERMINATED NORMALLY

 FILE : test_opt0
 NUMBER OF JACOBIAN RESETS =    0

    TOTAL COMPUTATIONAL TIME (SEC)         3.84
    TIME TO INPUT/OUTPUT                   0.23
       READ IN DATA                        0.00
       WRITE OUT DATA TO WOUT              0.23
    TIME IN FUNCT3D                        3.44
       BCOVAR FIELDS                       0.59
       FOURIER TRANSFORM                   0.65
       INVERSE FOURIER TRANSFORM           0.39
       FORCES AND SYMMETRIZE               0.59
       RESIDUE                             0.80
       EQFORCE                             0.00
 -------------------------  PARAVMEC CALCULATION DONE  -----------------------
     ASPECT RATIO:   11.547
             BETA:    0.000  (total)
                      0.000  (poloidal)
                      0.000  (toroidal)
  TORIDAL CURRENT:    0.803393809812E-09
     TORIDAL FLUX:    0.514
           VOLUME:    0.148
     MAJOR RADIUS:    1.000
     MINOR RADIUS:    0.087
       AXIS FIELD:   22.057
    STORED ENERGY:    0.000000000000E+00

Optimization with MANGO (https://github.com/hiddenSymmetries/mango)
 optimization algorithm: gsl_dogleg

 worker group,  objective function
 ---------------------------------
    0   2.633374059215122E-01
    2   2.631835063265779E-01
    0   2.633374059215122E-01
    1   2.634907941004240E-01
    0   9.281964914596590E-03
    0   9.281964914596590E-03
    1   9.305457247122034E-03
    2   9.258432867234099E-03
    0   3.619417218797056E-02
    0   2.969920514396459E-03
    0   2.969920514396459E-03
    2   2.961995538043005E-03
    1   2.981161167025933E-03
    0   2.227517098973010E-03
    0   2.227517098973010E-03
    2   2.218194516105958E-03
    1   2.236828119327908E-03
    0   2.803093434770598E-03
    0   1.027383469938080E-03
    2   1.025568902552724E-03
    0   1.027383469938080E-03
    1   1.029787189846081E-03
    0   8.093930934734286E-03
    0   1.199099646002531E-03
    0   8.206743005286001E-04
    0   8.206743005286001E-04
    2   8.196118675462818E-04
    1   8.218557260519139E-04
    0   8.615809464180581E-04
    0   7.969814702785008E-04
    2   7.966836596704935E-04
    0   7.969814702785008E-04
    1   7.972519550203809E-04
    0   8.004962495913226E-04
    0   7.915043874054001E-04
    2   7.914348969875408E-04
    0   7.915043874054001E-04
    1   7.916103041144462E-04
    0   7.956728980003788E-04
    0   7.919131626775166E-04
    0   7.913243523756101E-04
    0   7.913243523756101E-04
    2   7.913307127673156E-04
    1   7.913398744478137E-04
    0   7.913695159375424E-04
    0   7.912507110331117E-04
    0   7.912507110331117E-04
    2   7.912657452611012E-04
    1   7.912644603285782E-04
    0   7.913239783921016E-04
    0   7.912719125690350E-04
    0   7.912604962053229E-04
    0   7.912504919615822E-04
    0   7.912504919615822E-04
    2   7.912644642671177E-04
    1   7.912644776695405E-04
    0   7.912501957194370E-04
    0   7.912501957194370E-04
    2   7.912656201427437E-04
    1   7.912634034125942E-04
    0   7.912504919434365E-04
    0   7.912501733870567E-04
    2   7.912643510380947E-04
    0   7.912501733870567E-04
    1   7.912643170039929E-04
    0   7.912501331043164E-04
    0   7.912501331043164E-04
    2   7.912645486867582E-04
    1   7.912642294101645E-04
    0   7.912504919691810E-04
    0   7.912502225843704E-04
    0   7.912501582883465E-04
    0   7.912501408095787E-04
    0   7.912501343777358E-04
    0   7.912501333414106E-04
    0   7.912501330327679E-04
    0   7.912501330327679E-04
    2   7.912643972050937E-04
    1   7.912643728651849E-04
    0   7.912501333915608E-04
    0   7.912501332462139E-04
    0   7.912501330882545E-04
    0   7.912501330101529E-04
    2   7.912644228096081E-04
    0   7.912501330101529E-04
    1   7.912643469661682E-04
    0   7.912501330329007E-04
    0   7.912501330538034E-04
    0   7.912501330413050E-04
    0   7.912501330425882E-04
    0   7.912501330202922E-04
    0   7.912501330622400E-04
    0   7.912501330267350E-04
    0   7.912501330498349E-04
    0   7.912501330465899E-04
    0   7.912501330478020E-04
