STELLOPT Version  2.75
  Equilibrium calculation provided by: 
  =================================================================================
  =========   Parallel Variational Moments Equilibrium Code (v 9.0)       =========
  =========                (S. Hirshman, J. Whitson)                      =========
  =========         http://vmecwiki.pppl.wikispaces.net/VMEC              =========
  =================================================================================
     
 -----  MPI Params.   -----
    MPI Version:  3.01
    Optimizers requested:           -1
    Number of Processors:           10
    Shared memory groups:            1
    Processors per group:           10
   Workers per optimizer:            1
     Optimizers provided:           10
 -----  Optimization  -----
    =======VARS=======
     RBC( 001, 000):  Radial Boundary Specification (COS)
     ZBS( 001, 000):  Vertical Boundary Specification (SIN)
    ======TARGETS=====
     Rotational Transform
     Boozer Spectrum Helicity
    ==================
    Number of Parameters:            2
    Number of Targets:               2
    !!!! EQUILIBRIUM RESTARTING NOT UTILIZED !!!!
 ---------------------------  EQUILIBRIUM CALCULATION  ------------------------

  NS =   13 NO. FOURIER MODES =   41 FTOLV =  1.000E-16 NITER =    600
  PROCESSOR COUNT - RADIAL:    1
 INITIAL JACOBIAN CHANGED SIGN!
 TRYING TO IMPROVE INITIAL MAGNETIC AXIS GUESS
  ---- Improved AXIS Guess ----
      RAXIS_CC =    1.0000000000000000        9.9999999999999950E-002   5.2336415289459162E-017  -3.3900334618371056E-016  -3.7943901084857895E-016
      ZAXIS_CS =   -0.0000000000000000       -0.0000000000000000       -0.0000000000000000       -0.0000000000000000       -0.0000000000000000     
  -----------------------------

  ITER    FSQR      FSQZ      FSQL    RAX(v=0)    DELT       WMHD

    1  1.46E-02  9.49E-17  7.37E-03  1.100E+00  9.00E-01  2.9783E+01
  200  5.66E-12  1.92E-12  1.73E-12  1.091E+00  9.00E-01  2.9560E+01
  400  8.91E-13  4.04E-13  5.44E-13  1.091E+00  9.00E-01  2.9560E+01
  600  2.88E-13  1.84E-13  1.90E-13  1.091E+00  9.00E-01  2.9560E+01

  NS =   25 NO. FOURIER MODES =   41 FTOLV =  1.000E-12 NITER =   4000
  PROCESSOR COUNT - RADIAL:    1

  ITER    FSQR      FSQZ      FSQL    RAX(v=0)    DELT       WMHD

    1  3.13E-05  1.25E-05  5.90E-09  1.091E+00  9.00E-01  2.9560E+01
  200  4.67E-12  2.74E-12  1.53E-14  1.091E+00  9.00E-01  2.9560E+01
  287  9.43E-13  6.91E-13  1.09E-14  1.091E+00  9.00E-01  2.9560E+01

 EXECUTION TERMINATED NORMALLY

 FILE : test_opt0
 NUMBER OF JACOBIAN RESETS =    0

    TOTAL COMPUTATIONAL TIME (SEC)         1.59
    TIME TO INPUT/OUTPUT                   0.02
       READ IN DATA                        0.00
       WRITE OUT DATA TO WOUT              0.02
    TIME IN FUNCT3D                        1.55
       BCOVAR FIELDS                       0.24
       FOURIER TRANSFORM                   0.31
       INVERSE FOURIER TRANSFORM           0.19
       FORCES AND SYMMETRIZE               0.29
       RESIDUE                             0.37
       EQFORCE                             0.00
 -------------------------  PARAVMEC CALCULATION DONE  -----------------------
     ASPECT RATIO:   10.000
             BETA:    0.000  (total)
                      0.000  (poloidal)
                      0.000  (toroidal)
  TORIDAL CURRENT:    0.338797259503E-10
     TORIDAL FLUX:    0.514
           VOLUME:    0.197
     MAJOR RADIUS:    1.000
     MINOR RADIUS:    0.100
       AXIS FIELD:   16.110
    STORED ENERGY:    0.000000000000E+00
 ---------------------------  BOOZER TRANSFORMATION  -------------------------
  0 <= mboz <=   31    -16 <= nboz <=   16
  nu_boz =   130 nv_boz =    66

             OUTBOARD (u=0)              JS          INBOARD (u=pi)
-----------------------------------------------------------------------------
  v     |B|vmec    |B|booz    Error             |B|vmec    |B|booz    Error

  0    1.240E+01  1.240E+01  1.233E-09   25    2.188E+01  2.188E+01  2.108E-06
 pi    1.901E+01  1.901E+01  3.877E-10         1.346E+01  1.346E+01  1.281E-05

Optimization with MANGO (https://github.com/hiddenSymmetries/mango)
 optimization algorithm: gsl_dogleg

 worker group,  objective function
 ---------------------------------
    0   1.683098114644950E+01
    0   1.683091786846760E+01
    2   1.682701474973861E+01
    1   1.683098452896375E+01
    0   1.211042032308972E+01
    0   1.211028488956548E+01
    2   1.210840126381294E+01
    1   1.211132711936273E+01
    0   1.283131730611457E+01
    0   1.099108583819980E+01
    0   1.098985477050509E+01
    2   1.099201422380603E+01
    1   1.099329201514606E+01
    0   1.264786202885931E+01
    0   1.183713725356611E+01
    0   1.141732117388155E+01
    0   1.120427178078970E+01
    0   1.109704346479722E+01
    0   1.104325270130053E+01
    0   1.101631871388133E+01
    0   1.100284529358570E+01
    0   1.099610702606273E+01
    0   1.099273739488877E+01
    0   1.099105245917419E+01
    0   1.099105424689037E+01
    2   1.099005514703063E+01
    1   1.099133155190471E+01
    0   1.099019957960493E+01
    0   1.099019991730788E+01
    2   1.098839597327561E+01
    1   1.098967184726979E+01
    0   1.098705050260106E+01
    0   1.098705162624426E+01
    2   1.098504877183880E+01
    1   1.098632392690988E+01
    0   1.097757508506113E+01
    0   1.097757858180279E+01
    1   1.097679756147631E+01
    2   1.097552385737427E+01
    0   1.094914635768903E+01
    0   1.094915830419505E+01
    1   1.094835268898379E+01
    2   1.094708320883104E+01
    0   1.086390516586254E+01
    0   1.086393359629773E+01
    2   1.086184064268626E+01
    1   1.086309739535390E+01
    0   1.060855395210293E+01
    0   1.060858557214699E+01
    1   1.060771820728183E+01
    2   1.060649800458115E+01
    0   9.845674500023696E+00
    0   9.845734380111182E+00
    1   9.844775196136254E+00
    2   9.843660543582503E+00
    0   7.601921237419666E+00
    0   7.602216710699484E+00
    1   7.600891291968147E+00
    2   7.600058708273250E+00
    0   1.942389729946770E+00
    0   1.942359250508597E+00
    1   1.941560655535605E+00
    2   1.941297763671443E+00
    0   4.079916958660288E+00
    0   1.141539376848487E-01
    0   1.141600456079805E-01
    2   1.137890823937535E-01
    1   1.136764538077232E-01
    0   4.079894037137827E+00
    0   2.291166905012282E-01
    0   4.762027357174871E-02
    0   4.761769316217017E-02
    2   4.753022989729377E-02
    1   4.752535277161898E-02
    0   1.867695711847438E+00
    0   1.410650646679343E-01
    0   3.650150543647865E-02
    0   3.649879791000371E-02
    1   3.645801670770731E-02
    2   3.644246717323579E-02
    0   3.932361606500343E-02
    0   3.197472070062952E-02
    0   3.197457058611168E-02
    2   3.195641636446891E-02
    1   3.195883072831143E-02
    0   6.862277358220166E-02
    0   3.376002813197169E-02
    0   3.149651548905643E-02
    0   3.149583604424052E-02
    1   3.148603147029352E-02
    2   3.148611633888670E-02
    0   3.160215232642211E-02
    0   3.137517445298400E-02
    0   3.137505795281461E-02
    2   3.137284129512340E-02
    1   3.137246206633400E-02
    0   3.135781044532037E-02
    0   3.135760326149077E-02
    2   3.135548963032680E-02
    1   3.135552352570495E-02
    0   3.137400942432302E-02
    0   3.134888407475409E-02
    0   3.134889464382490E-02
    1   3.134844835761067E-02
    2   3.134852744109318E-02
    0   3.134902459069461E-02
    0   3.134635587326239E-02
    0   3.134636303560608E-02
    1   3.134639622838301E-02
    2   3.134638929377094E-02
    0   3.134848601597805E-02
    0   3.134686138901982E-02
    0   3.134646375325825E-02
    0   3.134636619877500E-02
    0   3.134634256765958E-02
    0   3.134634306773119E-02
    1   3.134651535908863E-02
    2   3.134650804432860E-02
    0   3.134633622453184E-02
    0   3.134633621162406E-02
    2   3.134649482893354E-02
    1   3.134650603124326E-02
    0   3.134634297649722E-02
    0   3.134633754149642E-02
    0   3.134633635017266E-02
    0   3.134633614366791E-02
    0   3.134633613866070E-02
    2   3.134649763098053E-02
    1   3.134650841536439E-02
    0   3.134633620310395E-02
    0   3.134633613319283E-02
    0   3.134633613523576E-02
    1   3.134650840348527E-02
    2   3.134649737182679E-02
    0   3.134633613585421E-02
    0   3.134633612967476E-02
    0   3.134633612877832E-02
    1   3.134650848164297E-02
    2   3.134649757109684E-02
    0   3.134633613061894E-02
    0   3.134633612863546E-02
    0   3.134633612879353E-02
    2   3.134649751097553E-02
    1   3.134650845145180E-02
    0   3.134633613057062E-02
    0   3.134633612940758E-02
    0   3.134633612885229E-02
    0   3.134633612879369E-02
    0   3.134633612879805E-02
    0   3.134633612883216E-02
    0   3.134633612878554E-02
    0   3.134633612882880E-02
    0   3.134633612880013E-02
    0   3.134633612883914E-02
    0   3.134633612882323E-02
    0   3.134633612879309E-02
    0   3.134633612878341E-02
    0   3.134633612881318E-02
    0   3.134633612878931E-02
    0   3.134633612877960E-02
----- STELLOPT DONE -----
