 ---------------------  FOCUS v0.13.01  ------------------------------
focus   : Begin execution with ncpu =    5
initial : machine_prec   =  0.00000E+00 ; sqrtmachprec   =  0.00000E+00
 -----------INPUT NAMELIST------------------------------------
initial : Read namelist focusin from : hsx.input
        : Read plasma boundary  from : plasma.boundary
        : Read initial coils    from : hsx.focus(Parameters only)
        :         IsQuiet =     -1 ; Output detailed information.
        :     IsSymmetric =      2 ; Periodicity and stellarator symmetry are both enforced.
        :    case_surface =      0 ; Read VMEC-like Fourier harmonics for plasma boundary.
        :      case_coils =      1 ; Using Fourier series as the basic representation.
        :   case_optimize =      1 ; Gradient-based optimizations will be performed.
                          : Nonlinear Conjugate Gradient method will be used, maxiter=   100
                          : CG_wolfe_c1 =  1.00000E-01 ; CG_wolfe_c2 =  9.00000E-01 ; CG_xtol =  1.00000E-08
        :     IsNormalize =      1 ; Normalization on coil parameters will be performed.
        :    IsNormWeight =      1 ; Normalization on weights for constraints will be performed.
        :    case_bnormal =      0 ; No normalization on Bn.
        :     bharm_jsurf =      0 ; No normalization on Bn harmonics.
        :     case_length =      1 ; Quadratic format of length penalty.
        :       case_curv =      3 ; Penalty function of curvature.
        :   case_postproc =      3 ; Coil evaluations and field-line tracing will be performed.
outputs : HDF5 outputs           are saved in : focus_hsx.h5
outputs : Optimizated coils      are saved in : hsx.focus ; hsx.coils
 -----------Reading surface-----------------------------------
surface : The surface plasma.boundary will be discretized in     32 X     32 elements.
        : Nfou =     59 ; Nfp =      4 ; NBnf =      0 ;
        : Enclosed total surface volume = 3.53043E-01 m^3 ; area = 7.80346E+00 m^2.
        : The theta angle used is counter-clockwise.
 -----------INITIALIZE COILS----------------------------------
rdcoils : identified      6 unique coils in hsx.focus ;
        :   6 fixed currents ;   0 fixed geometries.
        : Parameter normalizations : Inorm= 1.50073E+05  Gnorm= 2.61517E-01  Mnorm= 1.00000E+00
        : coils will be discretized in    128 segments
focus   : Initialization took  6.75337E-03 S.
 -----------OPTIMIZATIONS-------------------------------------
solvers : Total number of DOF is    306
        : Initial weights are:        bnorm,       bharm,       tflux,       ttlen,       cssep,        curv,
        :                       1.00000E+00, 0.00000E+00, 1.00000E-01, 5.00000E-02, 0.00000E+00, 2.00000E-01,
        : target_tflux =  2.13300E+00 ; target_length =  0.00000E+00 ; k0 =  1.00000E+01 ; cssep_factor =  4.00000E+00
 -----------COIL DIAGNOSTICS----------------------------------
diagnos :      Bnormal ; Bmn harmonic ;    tor. flux ;  coil length ;     c-s sep. ;         curv ; 
        :  7.30930E-06 ;  0.00000E+00 ;  2.20232E+00 ;  5.11084E-12 ;  0.00000E+00 ;  0.00000E+00 ; 
        : Maximum curvature of all the coils is  :  9.997917448170334E+00 ; at coil   4
        : Average length of the coils is         :  2.229960974932550E+00
        : The minimum coil-coil distance is      :  8.588154801434089E-02
        : The minimum coil-plasma distance is    :  1.300455326443643E-01 ; at coil   6
        : Ave. relative absolute Bn error |Bn|/B :  3.19181E-03; max(|Bn|)= 1.88760E-02
        : Surface area normalized Bn error int(|Bn|/B*ds)/A :   3.012569941670537E-03
        : weight_tflux is normalized to  2.06587E-01
        : weight_bnorm is normalized to  1.36812E+05
        : weight_ttlen is normalized to  9.78312E+09
        :  weight_curv is normalized to  2.00000E-01
 ------------- Initial status ------------------------
output  :   iout :         mark ;          chi ;      dE_norm ;      Bnormal ; Bmn harmonic ;    tor. flux ;  coil length ;     c-s sep. ;         curv ; 
output  :      1 :  0.00000E+00 ;  1.15000E+00 ;  1.26150E+04 ;  7.30930E-06 ;  0.00000E+00 ;  2.20232E+00 ;  5.11084E-12 ;  0.00000E+00 ;  0.00000E+00 ; 
 ------------- Nonlinear Conjugate Gradient (CG) -----
output  :      2 :  9.13127E+00 ;  1.10385E+00 ;  3.79018E+03 ;  7.30942E-06 ;  0.00000E+00 ;  2.20232E+00 ;  3.92010E-13 ;  0.00000E+00 ;  0.00000E+00 ; 
output  :      3 :  1.22714E+01 ;  1.10030E+00 ;  8.30705E+02 ;  7.30940E-06 ;  0.00000E+00 ;  2.20232E+00 ;  2.92525E-14 ;  0.00000E+00 ;  0.00000E+00 ; 
output  :      4 :  1.54408E+01 ;  1.10003E+00 ;  2.08631E+02 ;  7.30941E-06 ;  0.00000E+00 ;  2.20232E+00 ;  1.38119E-15 ;  0.00000E+00 ;  0.00000E+00 ; 
output  :      5 :  1.85802E+01 ;  1.10001E+00 ;  3.45099E+01 ;  7.30941E-06 ;  0.00000E+00 ;  2.20232E+00 ;  3.78110E-17 ;  0.00000E+00 ;  0.00000E+00 ; 
output  :      6 :  2.17182E+01 ;  1.10001E+00 ;  1.19322E+01 ;  7.30941E-06 ;  0.00000E+00 ;  2.20232E+00 ;  2.50219E-18 ;  0.00000E+00 ;  0.00000E+00 ; 
output  :      7 :  2.48632E+01 ;  1.10001E+00 ;  1.07541E+01 ;  7.30941E-06 ;  0.00000E+00 ;  2.20232E+00 ;  1.53874E-18 ;  0.00000E+00 ;  0.00000E+00 ; 
output  :      8 :  2.79996E+01 ;  1.10001E+00 ;  1.22550E+01 ;  7.30941E-06 ;  0.00000E+00 ;  2.20232E+00 ;  2.73425E-18 ;  0.00000E+00 ;  0.00000E+00 ; 
output  :      9 :  3.11888E+01 ;  1.10001E+00 ;  1.77996E+01 ;  7.30940E-06 ;  0.00000E+00 ;  2.20232E+00 ;  7.94586E-18 ;  0.00000E+00 ;  0.00000E+00 ; 
output  :     10 :  3.43496E+01 ;  1.10001E+00 ;  2.33075E+01 ;  7.30940E-06 ;  0.00000E+00 ;  2.20232E+00 ;  1.46856E-17 ;  0.00000E+00 ;  0.00000E+00 ; 
output  :     11 :  3.75262E+01 ;  1.10001E+00 ;  3.16647E+01 ;  7.30940E-06 ;  0.00000E+00 ;  2.20232E+00 ;  2.81097E-17 ;  0.00000E+00 ;  0.00000E+00 ; 
output  :     12 :  4.06646E+01 ;  1.10001E+00 ;  3.99873E+01 ;  7.30940E-06 ;  0.00000E+00 ;  2.20232E+00 ;  4.54768E-17 ;  0.00000E+00 ;  0.00000E+00 ; 
output  :     13 :  4.38144E+01 ;  1.10001E+00 ;  4.87064E+01 ;  7.30939E-06 ;  0.00000E+00 ;  2.20232E+00 ;  6.81469E-17 ;  0.00000E+00 ;  0.00000E+00 ; 
output  :     14 :  4.99921E+01 ;  1.10001E+00 ;  9.38717E+01 ;  7.30936E-06 ;  0.00000E+00 ;  2.20232E+00 ;  2.62328E-16 ;  0.00000E+00 ;  0.00000E+00 ; 
output  :     15 :  5.31563E+01 ;  1.10001E+00 ;  1.15896E+02 ;  7.30934E-06 ;  0.00000E+00 ;  2.20232E+00 ;  4.10440E-16 ;  0.00000E+00 ;  0.00000E+00 ; 
output  :     16 :  5.62948E+01 ;  1.10000E+00 ;  1.43483E+02 ;  7.30929E-06 ;  0.00000E+00 ;  2.20232E+00 ;  6.57286E-16 ;  0.00000E+00 ;  0.00000E+00 ; 
output  :     17 :  6.24882E+01 ;  1.09998E+00 ;  2.67060E+02 ;  7.30899E-06 ;  0.00000E+00 ;  2.20232E+00 ;  2.64236E-15 ;  0.00000E+00 ;  0.00000E+00 ; 
output  :     18 :  6.57497E+01 ;  1.09996E+00 ;  3.12871E+02 ;  7.30875E-06 ;  0.00000E+00 ;  2.20232E+00 ;  3.94134E-15 ;  0.00000E+00 ;  0.00000E+00 ; 
output  :     19 :  6.89525E+01 ;  1.09992E+00 ;  3.64871E+02 ;  7.30830E-06 ;  0.00000E+00 ;  2.20232E+00 ;  5.95112E-15 ;  0.00000E+00 ;  0.00000E+00 ; 
output  :     20 :  7.21205E+01 ;  1.09987E+00 ;  4.13741E+02 ;  7.30779E-06 ;  0.00000E+00 ;  2.20232E+00 ;  8.11817E-15 ;  0.00000E+00 ;  0.00000E+00 ; 
output  :     21 :  7.52604E+01 ;  1.09982E+00 ;  4.66816E+02 ;  7.30721E-06 ;  0.00000E+00 ;  2.20232E+00 ;  1.04775E-14 ;  0.00000E+00 ;  0.00000E+00 ; 
output  :     22 :  7.84003E+01 ;  1.09975E+00 ;  5.24106E+02 ;  7.30657E-06 ;  0.00000E+00 ;  2.20232E+00 ;  1.29425E-14 ;  0.00000E+00 ;  0.00000E+00 ; 
output  :     23 :  8.46154E+01 ;  1.09947E+00 ;  9.19873E+02 ;  7.30313E-06 ;  0.00000E+00 ;  2.20232E+00 ;  3.24921E-14 ;  0.00000E+00 ;  0.00000E+00 ; 
output  :     24 :  8.77818E+01 ;  1.09927E+00 ;  1.12502E+03 ;  7.30076E-06 ;  0.00000E+00 ;  2.20232E+00 ;  4.52445E-14 ;  0.00000E+00 ;  0.00000E+00 ; 
output  :     25 :  9.09228E+01 ;  1.09894E+00 ;  1.35437E+03 ;  7.29716E-06 ;  0.00000E+00 ;  2.20232E+00 ;  6.15010E-14 ;  0.00000E+00 ;  1.67454E-14 ; 
output  :     26 :  9.71375E+01 ;  1.09744E+00 ;  2.44719E+03 ;  7.27802E-06 ;  0.00000E+00 ;  2.20232E+00 ;  1.75527E-13 ;  0.00000E+00 ;  1.05010E-07 ; 
output  :     27 :  1.00279E+02 ;  1.09614E+00 ;  2.55914E+03 ;  7.26751E-06 ;  0.00000E+00 ;  2.20232E+00 ;  1.89600E-13 ;  0.00000E+00 ;  2.86181E-07 ; 
output  :     28 :  1.03445E+02 ;  1.09420E+00 ;  1.83965E+03 ;  7.25975E-06 ;  0.00000E+00 ;  2.20232E+00 ;  1.00400E-13 ;  0.00000E+00 ;  4.96148E-07 ; 
output  :     29 :  1.06627E+02 ;  1.09243E+00 ;  8.24152E+02 ;  7.25227E-06 ;  0.00000E+00 ;  2.20232E+00 ;  2.37479E-14 ;  0.00000E+00 ;  7.77619E-07 ; 
output  :     30 :  1.09767E+02 ;  1.09197E+00 ;  6.40084E+02 ;  7.24949E-06 ;  0.00000E+00 ;  2.20232E+00 ;  1.51130E-14 ;  0.00000E+00 ;  9.06273E-07 ; 
output  :     31 :  1.12909E+02 ;  1.09180E+00 ;  6.54312E+02 ;  7.24828E-06 ;  0.00000E+00 ;  2.20232E+00 ;  1.48401E-14 ;  0.00000E+00 ;  9.67061E-07 ; 
output  :     32 :  1.16049E+02 ;  1.09170E+00 ;  6.65925E+02 ;  7.24757E-06 ;  0.00000E+00 ;  2.20232E+00 ;  1.47172E-14 ;  0.00000E+00 ;  1.00451E-06 ; 
output  :     33 :  1.22283E+02 ;  1.09140E+00 ;  7.64938E+02 ;  7.24515E-06 ;  0.00000E+00 ;  2.20231E+00 ;  1.77337E-14 ;  0.00000E+00 ;  1.13973E-06 ; 
output  :     34 :  1.25507E+02 ;  1.09127E+00 ;  7.94786E+02 ;  7.24407E-06 ;  0.00000E+00 ;  2.20231E+00 ;  1.93234E-14 ;  0.00000E+00 ;  1.20400E-06 ; 
output  :     35 :  1.31688E+02 ;  1.09086E+00 ;  9.38304E+02 ;  7.24032E-06 ;  0.00000E+00 ;  2.20231E+00 ;  3.02073E-14 ;  0.00000E+00 ;  1.45325E-06 ; 
output  :     36 :  1.34898E+02 ;  1.09069E+00 ;  9.76124E+02 ;  7.23887E-06 ;  0.00000E+00 ;  2.20231E+00 ;  3.35463E-14 ;  0.00000E+00 ;  1.56117E-06 ; 
output  :     37 :  1.38039E+02 ;  1.09054E+00 ;  9.78893E+02 ;  7.23769E-06 ;  0.00000E+00 ;  2.20231E+00 ;  3.39968E-14 ;  0.00000E+00 ;  1.65414E-06 ; 
output  :     38 :  1.44229E+02 ;  1.09006E+00 ;  1.08789E+03 ;  7.23389E-06 ;  0.00000E+00 ;  2.20231E+00 ;  3.87453E-14 ;  0.00000E+00 ;  1.99014E-06 ; 
output  :     39 :  1.47370E+02 ;  1.08989E+00 ;  1.11229E+03 ;  7.23258E-06 ;  0.00000E+00 ;  2.20231E+00 ;  3.90075E-14 ;  0.00000E+00 ;  2.12084E-06 ; 
output  :     40 :  1.53611E+02 ;  1.08933E+00 ;  1.12944E+03 ;  7.22862E-06 ;  0.00000E+00 ;  2.20231E+00 ;  3.80409E-14 ;  0.00000E+00 ;  2.57493E-06 ; 
output  :     41 :  1.56753E+02 ;  1.08912E+00 ;  1.04302E+03 ;  7.22741E-06 ;  0.00000E+00 ;  2.20231E+00 ;  3.35330E-14 ;  0.00000E+00 ;  2.73534E-06 ; 
output  :     42 :  1.59892E+02 ;  1.08896E+00 ;  9.13236E+02 ;  7.22669E-06 ;  0.00000E+00 ;  2.20231E+00 ;  2.69809E-14 ;  0.00000E+00 ;  2.83591E-06 ; 
output  :     43 :  1.63035E+02 ;  1.08885E+00 ;  7.89764E+02 ;  7.22626E-06 ;  0.00000E+00 ;  2.20231E+00 ;  2.12128E-14 ;  0.00000E+00 ;  2.89869E-06 ; 
output  :     44 :  1.66251E+02 ;  1.08877E+00 ;  6.88674E+02 ;  7.22601E-06 ;  0.00000E+00 ;  2.20231E+00 ;  1.68348E-14 ;  0.00000E+00 ;  2.93594E-06 ; 
output  :     45 :  1.69420E+02 ;  1.08872E+00 ;  6.04677E+02 ;  7.22586E-06 ;  0.00000E+00 ;  2.20231E+00 ;  1.34408E-14 ;  0.00000E+00 ;  2.95889E-06 ; 
output  :     46 :  1.72562E+02 ;  1.08867E+00 ;  5.29684E+02 ;  7.22576E-06 ;  0.00000E+00 ;  2.20231E+00 ;  1.06200E-14 ;  0.00000E+00 ;  2.97407E-06 ; 
output  :     47 :  1.75713E+02 ;  1.08864E+00 ;  4.56652E+02 ;  7.22569E-06 ;  0.00000E+00 ;  2.20231E+00 ;  8.09666E-15 ;  0.00000E+00 ;  2.98492E-06 ; 
output  :     48 :  1.78870E+02 ;  1.08861E+00 ;  3.80001E+02 ;  7.22563E-06 ;  0.00000E+00 ;  2.20231E+00 ;  5.73101E-15 ;  0.00000E+00 ;  2.99317E-06 ; 
output  :     49 :  1.82010E+02 ;  1.08858E+00 ;  2.97073E+02 ;  7.22559E-06 ;  0.00000E+00 ;  2.20231E+00 ;  3.55505E-15 ;  0.00000E+00 ;  2.99954E-06 ; 
output  :     50 :  1.85152E+02 ;  1.08856E+00 ;  2.11792E+02 ;  7.22556E-06 ;  0.00000E+00 ;  2.20231E+00 ;  1.80002E-15 ;  0.00000E+00 ;  3.00414E-06 ; 
output  :     51 :  1.88299E+02 ;  1.08855E+00 ;  1.35525E+02 ;  7.22554E-06 ;  0.00000E+00 ;  2.20231E+00 ;  7.08408E-16 ;  0.00000E+00 ;  3.00697E-06 ; 
output  :     52 :  1.91478E+02 ;  1.08854E+00 ;  7.86820E+01 ;  7.22553E-06 ;  0.00000E+00 ;  2.20231E+00 ;  2.21546E-16 ;  0.00000E+00 ;  3.00836E-06 ; 
output  :     53 :  1.94618E+02 ;  1.08854E+00 ;  4.39524E+01 ;  7.22553E-06 ;  0.00000E+00 ;  2.20231E+00 ;  6.29242E-17 ;  0.00000E+00 ;  3.00893E-06 ; 
output  :     54 :  1.97760E+02 ;  1.08854E+00 ;  2.72467E+01 ;  7.22553E-06 ;  0.00000E+00 ;  2.20231E+00 ;  2.12612E-17 ;  0.00000E+00 ;  3.00915E-06 ; 
output  :     55 :  2.00942E+02 ;  1.08854E+00 ;  2.04968E+01 ;  7.22553E-06 ;  0.00000E+00 ;  2.20231E+00 ;  1.02887E-17 ;  0.00000E+00 ;  3.00925E-06 ; 
output  :     56 :  2.04122E+02 ;  1.08854E+00 ;  1.74628E+01 ;  7.22553E-06 ;  0.00000E+00 ;  2.20231E+00 ;  6.49096E-18 ;  0.00000E+00 ;  3.00930E-06 ; 
output  :     57 :  2.07273E+02 ;  1.08854E+00 ;  1.56894E+01 ;  7.22553E-06 ;  0.00000E+00 ;  2.20231E+00 ;  4.67214E-18 ;  0.00000E+00 ;  3.00932E-06 ; 
output  :     58 :  2.10443E+02 ;  1.08854E+00 ;  1.44876E+01 ;  7.22553E-06 ;  0.00000E+00 ;  2.20231E+00 ;  3.61550E-18 ;  0.00000E+00 ;  3.00934E-06 ; 
output  :     59 :  2.16621E+02 ;  1.08854E+00 ;  1.32441E+01 ;  7.22552E-06 ;  0.00000E+00 ;  2.20231E+00 ;  3.24019E-18 ;  0.00000E+00 ;  3.00939E-06 ; 
output  :     60 :  2.19763E+02 ;  1.08854E+00 ;  1.37328E+01 ;  7.22552E-06 ;  0.00000E+00 ;  2.20231E+00 ;  3.90406E-18 ;  0.00000E+00 ;  3.00941E-06 ; 
output  :     61 :  2.25950E+02 ;  1.08854E+00 ;  1.79085E+01 ;  7.22552E-06 ;  0.00000E+00 ;  2.20231E+00 ;  8.90796E-18 ;  0.00000E+00 ;  3.00947E-06 ; 
output  :     62 :  2.29092E+02 ;  1.08854E+00 ;  1.97987E+01 ;  7.22552E-06 ;  0.00000E+00 ;  2.20231E+00 ;  1.14051E-17 ;  0.00000E+00 ;  3.00949E-06 ; 
output  :     63 :  2.35271E+02 ;  1.08854E+00 ;  2.90316E+01 ;  7.22552E-06 ;  0.00000E+00 ;  2.20231E+00 ;  2.66054E-17 ;  0.00000E+00 ;  3.00962E-06 ; 
output  :     64 :  2.38438E+02 ;  1.08854E+00 ;  3.28179E+01 ;  7.22552E-06 ;  0.00000E+00 ;  2.20231E+00 ;  3.44466E-17 ;  0.00000E+00 ;  3.00970E-06 ; 
output  :     65 :  2.44617E+02 ;  1.08854E+00 ;  4.84976E+01 ;  7.22551E-06 ;  0.00000E+00 ;  2.20231E+00 ;  7.72747E-17 ;  0.00000E+00 ;  3.01004E-06 ; 
output  :     66 :  2.50870E+02 ;  1.08854E+00 ;  8.54073E+01 ;  7.22549E-06 ;  0.00000E+00 ;  2.20231E+00 ;  2.44945E-16 ;  0.00000E+00 ;  3.01106E-06 ; 
output  :     67 :  2.54015E+02 ;  1.08854E+00 ;  9.87576E+01 ;  7.22547E-06 ;  0.00000E+00 ;  2.20231E+00 ;  3.29902E-16 ;  0.00000E+00 ;  3.01176E-06 ; 
output  :     68 :  2.60230E+02 ;  1.08853E+00 ;  1.86445E+02 ;  7.22536E-06 ;  0.00000E+00 ;  2.20231E+00 ;  1.18073E-15 ;  0.00000E+00 ;  3.01713E-06 ; 
output  :     69 :  2.66415E+02 ;  1.08851E+00 ;  3.33477E+02 ;  7.22503E-06 ;  0.00000E+00 ;  2.20231E+00 ;  3.71484E-15 ;  0.00000E+00 ;  3.03198E-06 ; 
output  :     70 :  2.69580E+02 ;  1.08848E+00 ;  4.19422E+02 ;  7.22468E-06 ;  0.00000E+00 ;  2.20231E+00 ;  5.84623E-15 ;  0.00000E+00 ;  3.04849E-06 ; 
output  :     71 :  2.72724E+02 ;  1.08844E+00 ;  5.11584E+02 ;  7.22415E-06 ;  0.00000E+00 ;  2.20231E+00 ;  8.68746E-15 ;  0.00000E+00 ;  3.07319E-06 ; 
output  :     72 :  2.78959E+02 ;  1.08828E+00 ;  8.00303E+02 ;  7.22208E-06 ;  0.00000E+00 ;  2.20231E+00 ;  2.14441E-14 ;  0.00000E+00 ;  3.17180E-06 ; 
output  :     73 :  2.85142E+02 ;  1.08789E+00 ;  1.39042E+03 ;  7.21601E-06 ;  0.00000E+00 ;  2.20231E+00 ;  6.72265E-14 ;  0.00000E+00 ;  3.47291E-06 ; 
output  :     74 :  2.88319E+02 ;  1.08753E+00 ;  1.56298E+03 ;  7.21189E-06 ;  0.00000E+00 ;  2.20231E+00 ;  8.79626E-14 ;  0.00000E+00 ;  3.68906E-06 ; 
output  :     75 :  2.94544E+02 ;  1.08548E+00 ;  2.33359E+03 ;  7.18745E-06 ;  0.00000E+00 ;  2.20231E+00 ;  2.20101E-13 ;  0.00000E+00 ;  5.17860E-06 ; 
output  :     76 :  2.97687E+02 ;  1.08422E+00 ;  2.51390E+03 ;  7.17539E-06 ;  0.00000E+00 ;  2.20231E+00 ;  2.59940E-13 ;  0.00000E+00 ;  6.06608E-06 ; 
output  :     77 :  3.00828E+02 ;  1.08292E+00 ;  2.54407E+03 ;  7.16546E-06 ;  0.00000E+00 ;  2.20231E+00 ;  2.66083E-13 ;  0.00000E+00 ;  6.88583E-06 ; 
output  :     78 :  3.07014E+02 ;  1.07908E+00 ;  2.82814E+03 ;  7.13660E-06 ;  0.00000E+00 ;  2.20231E+00 ;  2.76284E-13 ;  0.00000E+00 ;  9.84708E-06 ; 
output  :     79 :  3.10170E+02 ;  1.07772E+00 ;  2.77257E+03 ;  7.12870E-06 ;  0.00000E+00 ;  2.20231E+00 ;  2.48427E-13 ;  0.00000E+00 ;  1.08473E-05 ; 
output  :     80 :  3.13314E+02 ;  1.07652E+00 ;  2.41099E+03 ;  7.12454E-06 ;  0.00000E+00 ;  2.20231E+00 ;  1.83057E-13 ;  0.00000E+00 ;  1.14150E-05 ; 
output  :     81 :  3.16541E+02 ;  1.07527E+00 ;  1.81059E+03 ;  7.12126E-06 ;  0.00000E+00 ;  2.20231E+00 ;  1.01919E-13 ;  0.00000E+00 ;  1.18852E-05 ; 
output  :     82 :  3.19683E+02 ;  1.07441E+00 ;  1.18593E+03 ;  7.11911E-06 ;  0.00000E+00 ;  2.20231E+00 ;  4.37751E-14 ;  0.00000E+00 ;  1.22045E-05 ; 
output  :     83 :  3.22825E+02 ;  1.07401E+00 ;  7.51379E+02 ;  7.11806E-06 ;  0.00000E+00 ;  2.20231E+00 ;  1.77891E-14 ;  0.00000E+00 ;  1.23644E-05 ; 
output  :     84 :  3.25965E+02 ;  1.07385E+00 ;  5.00537E+02 ;  7.11759E-06 ;  0.00000E+00 ;  2.20231E+00 ;  7.99025E-15 ;  0.00000E+00 ;  1.24355E-05 ; 
output  :     85 :  3.29159E+02 ;  1.07379E+00 ;  3.61754E+02 ;  7.11739E-06 ;  0.00000E+00 ;  2.20231E+00 ;  4.18869E-15 ;  0.00000E+00 ;  1.24668E-05 ; 
output  :     86 :  3.32347E+02 ;  1.07376E+00 ;  2.80430E+02 ;  7.11729E-06 ;  0.00000E+00 ;  2.20231E+00 ;  2.50726E-15 ;  0.00000E+00 ;  1.24814E-05 ; 
output  :     87 :  3.35514E+02 ;  1.07374E+00 ;  2.27566E+02 ;  7.11725E-06 ;  0.00000E+00 ;  2.20231E+00 ;  1.63992E-15 ;  0.00000E+00 ;  1.24887E-05 ; 
output  :     88 :  3.38652E+02 ;  1.07373E+00 ;  1.89159E+02 ;  7.11722E-06 ;  0.00000E+00 ;  2.20231E+00 ;  1.12594E-15 ;  0.00000E+00 ;  1.24926E-05 ; 
output  :     89 :  3.41820E+02 ;  1.07373E+00 ;  1.58216E+02 ;  7.11720E-06 ;  0.00000E+00 ;  2.20231E+00 ;  7.84244E-16 ;  0.00000E+00 ;  1.24949E-05 ; 
output  :     90 :  3.44961E+02 ;  1.07372E+00 ;  1.30888E+02 ;  7.11719E-06 ;  0.00000E+00 ;  2.20231E+00 ;  5.35784E-16 ;  0.00000E+00 ;  1.24963E-05 ; 
output  :     91 :  3.48104E+02 ;  1.07372E+00 ;  1.04930E+02 ;  7.11719E-06 ;  0.00000E+00 ;  2.20231E+00 ;  3.44959E-16 ;  0.00000E+00 ;  1.24972E-05 ; 
output  :     92 :  3.51248E+02 ;  1.07372E+00 ;  7.94235E+01 ;  7.11718E-06 ;  0.00000E+00 ;  2.20231E+00 ;  1.99059E-16 ;  0.00000E+00 ;  1.24978E-05 ; 
output  :     93 :  3.54391E+02 ;  1.07372E+00 ;  5.52926E+01 ;  7.11718E-06 ;  0.00000E+00 ;  2.20231E+00 ;  9.79569E-17 ;  0.00000E+00 ;  1.24982E-05 ; 
output  :     94 :  3.57532E+02 ;  1.07372E+00 ;  3.54282E+01 ;  7.11718E-06 ;  0.00000E+00 ;  2.20231E+00 ;  4.10820E-17 ;  0.00000E+00 ;  1.24984E-05 ; 
output  :     95 :  3.60742E+02 ;  1.07372E+00 ;  2.24750E+01 ;  7.11718E-06 ;  0.00000E+00 ;  2.20231E+00 ;  1.65424E-17 ;  0.00000E+00 ;  1.24986E-05 ; 
output  :     96 :  3.63891E+02 ;  1.07372E+00 ;  1.59149E+01 ;  7.11718E-06 ;  0.00000E+00 ;  2.20231E+00 ;  7.74421E-18 ;  0.00000E+00 ;  1.24986E-05 ; 
output  :     97 :  3.67033E+02 ;  1.07372E+00 ;  1.29748E+01 ;  7.11718E-06 ;  0.00000E+00 ;  2.20231E+00 ;  4.52973E-18 ;  0.00000E+00 ;  1.24987E-05 ; 
output  :     98 :  3.70188E+02 ;  1.07372E+00 ;  1.15200E+01 ;  7.11718E-06 ;  0.00000E+00 ;  2.20231E+00 ;  3.11616E-18 ;  0.00000E+00 ;  1.24987E-05 ; 
output  :     99 :  3.73330E+02 ;  1.07372E+00 ;  1.06644E+01 ;  7.11718E-06 ;  0.00000E+00 ;  2.20231E+00 ;  2.36438E-18 ;  0.00000E+00 ;  1.24987E-05 ; 
output  :    100 :  3.79523E+02 ;  1.07372E+00 ;  9.03741E+00 ;  7.11718E-06 ;  0.00000E+00 ;  2.20231E+00 ;  1.09166E-18 ;  0.00000E+00 ;  1.24987E-05 ; 
output  :    101 :  3.82669E+02 ;  1.07372E+00 ;  8.97728E+00 ;  7.11718E-06 ;  0.00000E+00 ;  2.20231E+00 ;  1.03606E-18 ;  0.00000E+00 ;  1.24987E-05 ; 
congrad : status=2: total iterations exceeded maxit.
congrad : Computation using conjugate gradient finished.
        : CG takes   3.828170663890000E+02 seconds;
focus   : Optimization took      6 M     26 S.
 -----------POST-PROCESSING-----------------------------------
 -----------COIL DIAGNOSTICS----------------------------------
diagnos :      Bnormal ; Bmn harmonic ;    tor. flux ;  coil length ;     c-s sep. ;         curv ; 
        :  7.11718E-06 ;  0.00000E+00 ;  2.20231E+00 ;  1.03606E-18 ;  0.00000E+00 ;  1.24987E-05 ; 
        : Maximum curvature of all the coils is  :  1.008973396756013E+01 ; at coil   4
        : Average length of the coils is         :  2.229959378227262E+00
        : The minimum coil-coil distance is      :  8.640302412244467E-02
        : The minimum coil-plasma distance is    :  1.297346344308728E-01 ; at coil   6
        : Ave. relative absolute Bn error |Bn|/B :  3.14201E-03; max(|Bn|)= 1.87009E-02
        : Surface area normalized Bn error int(|Bn|/B*ds)/A :   2.962822593361036E-03
findaxis: Finding axis at phi =  0.00000E+00 with (R,Z) = (  1.44554E+00,-7.00583E-07 ).
findaxis: info=1, relative error between two consecutive iterates is at most xtol.
poinplot: following fieldlines between ( 1.44554E+00,-7.00583E-07 ) and ( 6.25000E+00, 0.00000E+00 )
        : order=     2 ; masterid=     1 ; (R,Z)=( 1.59568E+00,-6.78690E-07 ) ; iota= 0.00000E+00 ; niter=     0 .
        : order=     1 ; masterid=     0 ; (R,Z)=( 1.52061E+00,-6.89636E-07 ) ; iota= 1.16328E+00 ; niter=   150 .
        : order=     4 ; masterid=     3 ; (R,Z)=( 1.74582E+00,-6.56797E-07 ) ; iota= 0.00000E+00 ; niter=     0 .
        : order=     5 ; masterid=     4 ; (R,Z)=( 1.82089E+00,-6.45850E-07 ) ; iota= 0.00000E+00 ; niter=     0 .
        : order=     3 ; masterid=     2 ; (R,Z)=( 1.67075E+00,-6.67743E-07 ) ; iota= 4.33209E-01 ; niter=     1 .
        : order=     7 ; masterid=     1 ; (R,Z)=( 1.97103E+00,-6.23957E-07 ) ; iota= 0.00000E+00 ; niter=     0 .
        : order=    12 ; masterid=     1 ; (R,Z)=( 2.34638E+00,-5.69224E-07 ) ; iota= 0.00000E+00 ; niter=     0 .
        : order=     6 ; masterid=     0 ; (R,Z)=( 1.89596E+00,-6.34903E-07 ) ; iota= 0.00000E+00 ; niter=     0 .
        : order=    10 ; masterid=     4 ; (R,Z)=( 2.19624E+00,-5.91117E-07 ) ; iota= 0.00000E+00 ; niter=     0 .
        : order=     9 ; masterid=     3 ; (R,Z)=( 2.12117E+00,-6.02064E-07 ) ; iota= 0.00000E+00 ; niter=     0 .
        : order=     8 ; masterid=     2 ; (R,Z)=( 2.04610E+00,-6.13010E-07 ) ; iota= 0.00000E+00 ; niter=     0 .
        : order=    17 ; masterid=     1 ; (R,Z)=( 2.72173E+00,-5.14491E-07 ) ; iota= 0.00000E+00 ; niter=     0 .
        : order=    22 ; masterid=     1 ; (R,Z)=( 3.09707E+00,-4.59758E-07 ) ; iota= 0.00000E+00 ; niter=     0 .
        : order=    11 ; masterid=     0 ; (R,Z)=( 2.27131E+00,-5.80170E-07 ) ; iota= 0.00000E+00 ; niter=     0 .
        : order=    15 ; masterid=     4 ; (R,Z)=( 2.57159E+00,-5.36384E-07 ) ; iota= 0.00000E+00 ; niter=     0 .
        : order=    14 ; masterid=     3 ; (R,Z)=( 2.49652E+00,-5.47331E-07 ) ; iota= 0.00000E+00 ; niter=     0 .
        : order=    13 ; masterid=     2 ; (R,Z)=( 2.42145E+00,-5.58277E-07 ) ; iota= 0.00000E+00 ; niter=     0 .
        : order=    27 ; masterid=     1 ; (R,Z)=( 3.47242E+00,-4.05025E-07 ) ; iota= 0.00000E+00 ; niter=     0 .
        : order=    16 ; masterid=     0 ; (R,Z)=( 2.64666E+00,-5.25437E-07 ) ; iota= 0.00000E+00 ; niter=     0 .
        : order=    32 ; masterid=     1 ; (R,Z)=( 3.84777E+00,-3.50292E-07 ) ; iota= 0.00000E+00 ; niter=     0 .
        : order=    20 ; masterid=     4 ; (R,Z)=( 2.94693E+00,-4.81651E-07 ) ; iota= 0.00000E+00 ; niter=     0 .
        : order=    19 ; masterid=     3 ; (R,Z)=( 2.87187E+00,-4.92597E-07 ) ; iota= 0.00000E+00 ; niter=     0 .
        : order=    18 ; masterid=     2 ; (R,Z)=( 2.79680E+00,-5.03544E-07 ) ; iota= 0.00000E+00 ; niter=     0 .
        : order=    37 ; masterid=     1 ; (R,Z)=( 4.22312E+00,-2.95558E-07 ) ; iota= 0.00000E+00 ; niter=     0 .
        : order=    21 ; masterid=     0 ; (R,Z)=( 3.02200E+00,-4.70704E-07 ) ; iota= 0.00000E+00 ; niter=     0 .
        : order=    25 ; masterid=     4 ; (R,Z)=( 3.32228E+00,-4.26918E-07 ) ; iota= 0.00000E+00 ; niter=     0 .
        : order=    24 ; masterid=     3 ; (R,Z)=( 3.24721E+00,-4.37864E-07 ) ; iota= 0.00000E+00 ; niter=     0 .
        : order=    23 ; masterid=     2 ; (R,Z)=( 3.17214E+00,-4.48811E-07 ) ; iota= 0.00000E+00 ; niter=     0 .
        : order=    42 ; masterid=     1 ; (R,Z)=( 4.59847E+00,-2.40825E-07 ) ; iota= 0.00000E+00 ; niter=     0 .
        : order=    47 ; masterid=     1 ; (R,Z)=( 4.97382E+00,-1.86092E-07 ) ; iota= 0.00000E+00 ; niter=     0 .
        : order=    26 ; masterid=     0 ; (R,Z)=( 3.39735E+00,-4.15971E-07 ) ; iota= 0.00000E+00 ; niter=     0 .
